#
# A fatal error has been detected by the Java Runtime Environment:
#
#  EXCEPTION_ACCESS_VIOLATION (0xc0000005) at pc=0xff565251, pid=2616, tid=5500
#
# JRE version: Java(TM) SE Runtime Environment (8.0_45-b14) (build 1.8.0_45-b14)
# Java VM: Java HotSpot(TM) Client VM (25.45-b02 mixed mode, sharing windows-x86 )
# Problematic frame:
# C  0xff565251
#
# Failed to write core dump. Minidumps are not enabled by default on client versions of Windows
#
# If you would like to submit a bug report, please visit:
#   http://bugreport.java.com/bugreport/crash.jsp
# The crash happened outside the Java Virtual Machine in native code.
# See problematic frame for where to report the bug.
#

---------------  T H R E A D  ---------------

Current thread (0x14e91400):  JavaThread "AWT-Windows" daemon [_thread_in_native, id=5500, stack(0x15110000,0x15160000)]

siginfo: ExceptionCode=0xc0000005, ExceptionInformation=0x00000008 0xff565251

Registers:
EAX=0xff565251, EBX=0x00000000, ECX=0x19564ef0, EDX=0x65e6022a
ESP=0x1515eaf0, EBP=0x196e4258, ESI=0x14f2f110, EDI=0x00000000
EIP=0xff565251, EFLAGS=0x00010206

Top of Stack: (sp=0x1515eaf0)
0x1515eaf0:   65dc841a 00000001 00000000 00000001
0x1515eb00:   14f2f110 65dc9a72 19700bf0 196e4258
0x1515eb10:   00000001 19700ba8 00000000 65dd12e9
0x1515eb20:   196e4258 00000001 b0de30dd 0000007e
0x1515eb30:   00000001 1515eb9c 14e91540 00000004
0x1515eb40:   196e4258 196e4278 ffffffe0 65ea6178
0x1515eb50:   1515eb90 65e6521e 00000002 65e5a882
0x1515eb60:   14e91540 65e56d27 14e91540 b0de306d 

Instructions: (pc=0xff565251)
0xff565231:   
[error occurred during error reporting (printing registers, top of stack, instructions near pc), id 0xc0000005]

Register to memory mapping:

EAX=0xff565251 is an unknown value
EBX=0x00000000 is an unknown value
ECX=0x19564ef0 is an unknown value
EDX=0x65e6022a is an unknown value
ESP=0x1515eaf0 is pointing into the stack for thread: 0x14e91400
EBP=0x196e4258 is an unknown value
ESI=0x14f2f110 is an unknown value
EDI=0x00000000 is an unknown value


Stack: [0x15110000,0x15160000],  sp=0x1515eaf0,  free space=314k
Native frames: (J=compiled Java code, j=interpreted, Vv=VM code, C=native code)
C  0xff565251

Java frames: (J=compiled Java code, j=interpreted, Vv=VM code)
j  sun.awt.windows.WToolkit.eventLoop()V+0
j  sun.awt.windows.WToolkit.run()V+58
j  java.lang.Thread.run()V+11
v  ~StubRoutines::call_stub

---------------  P R O C E S S  ---------------

Java Threads: ( => current thread )
  0x19480400 JavaThread "TimerQueue" daemon [_thread_blocked, id=4880, stack(0x1e410000,0x1e460000)]
  0x19413000 JavaThread "Swing-Shell" daemon [_thread_blocked, id=5484, stack(0x1e3b0000,0x1e400000)]
  0x006ec000 JavaThread "DestroyJavaVM" [_thread_blocked, id=2596, stack(0x00250000,0x002a0000)]
  0x196fa400 JavaThread "D3D Screen Updater" daemon [_thread_in_native, id=4672, stack(0x19c40000,0x19c90000)]
  0x195e2400 JavaThread "AWT-EventQueue-0" [_thread_blocked, id=3324, stack(0x19300000,0x19350000)]
  0x1b458400 JavaThread "AWT-Shutdown" [_thread_blocked, id=5528, stack(0x18f30000,0x18f80000)]
=>0x14e91400 JavaThread "AWT-Windows" daemon [_thread_in_native, id=5500, stack(0x15110000,0x15160000)]
  0x14e8e400 JavaThread "Java2D Disposer" daemon [_thread_blocked, id=5312, stack(0x14f90000,0x14fe0000)]
  0x00647000 JavaThread "Service Thread" daemon [_thread_blocked, id=3300, stack(0x14730000,0x14780000)]
  0x0063dc00 JavaThread "C1 CompilerThread0" daemon [_thread_blocked, id=5380, stack(0x03b00000,0x03b50000)]
  0x0063c800 JavaThread "Attach Listener" daemon [_thread_blocked, id=5148, stack(0x03bb0000,0x03c00000)]
  0x00657800 JavaThread "Signal Dispatcher" daemon [_thread_blocked, id=5156, stack(0x01970000,0x019c0000)]
  0x005c3c00 JavaThread "Finalizer" daemon [_thread_blocked, id=5144, stack(0x146c0000,0x14710000)]
  0x005c2400 JavaThread "Reference Handler" daemon [_thread_blocked, id=5140, stack(0x01a60000,0x01ab0000)]

Other Threads:
  0x005bfc00 VMThread [stack: 0x03b60000,0x03bb0000] [id=5136]
  0x00679c00 WatcherThread [stack: 0x145e0000,0x14630000] [id=5356]

VM state:not at safepoint (normal execution)

VM Mutex/Monitor currently owned by a thread: None

Heap:
 def new generation   total 9664K, used 8368K [0x03c00000, 0x04670000, 0x09150000)
  eden space 8640K,  85% used [0x03c00000, 0x0432c298, 0x04470000)
  from space 1024K, 100% used [0x04470000, 0x04570000, 0x04570000)
  to   space 1024K,   0% used [0x04570000, 0x04570000, 0x04670000)
 tenured generation   total 21228K, used 14846K [0x09150000, 0x0a60b000, 0x13c00000)
   the space 21228K,  69% used [0x09150000, 0x09fcfa68, 0x09fcfc00, 0x0a60b000)
 Metaspace       used 6909K, capacity 7132K, committed 7168K, reserved 7552K

Card table byte_map: [0x018d0000,0x01960000] byte_map_base: 0x018b2000

Polling page: 0x002a0000

CodeCache: size=32768Kb used=3212Kb max_used=3212Kb free=29555Kb
 bounds [0x01af0000, 0x01e18000, 0x03af0000]
 total_blobs=1976 nmethods=1657 adapters=249
 compilation: enabled

Compilation events (10 events):
Event: 127.200 Thread 0x0063dc00 1665             java.awt.Component::getBounds (5 bytes)
Event: 127.200 Thread 0x0063dc00 nmethod 1665 0x01e12688 code [0x01e12780, 0x01e12860]
Event: 127.200 Thread 0x0063dc00 1666             java.awt.Component::bounds (24 bytes)
Event: 127.200 Thread 0x0063dc00 nmethod 1666 0x01e128c8 code [0x01e129c0, 0x01e12aa0]
Event: 168.863 Thread 0x0063dc00 1667             sun.java2d.d3d.D3DSurfaceData$D3DWindowSurfaceData::isDirty (18 bytes)
Event: 168.863 Thread 0x0063dc00 nmethod 1667 0x01e12b08 code [0x01e12c10, 0x01e12cbc]
Event: 214.007 Thread 0x0063dc00 1669             java.awt.Rectangle::contains (7 bytes)
Event: 214.007 Thread 0x0063dc00 nmethod 1669 0x01e12f88 code [0x01e13080, 0x01e1311c]
Event: 214.807 Thread 0x0063dc00 1670             java.awt.Rectangle::contains (13 bytes)
Event: 214.807 Thread 0x0063dc00 nmethod 1670 0x01e13188 code [0x01e13290, 0x01e1332c]

GC Heap History (10 events):
Event: 8.892 GC heap before
{Heap before GC invocations=12 (full 0):
 def new generation   total 4928K, used 4514K [0x03c00000, 0x04150000, 0x09150000)
  eden space 4416K, 100% used [0x03c00000, 0x04050000, 0x04050000)
  from space 512K,  19% used [0x04050000, 0x04068b10, 0x040d0000)
  to   space 512K,   0% used [0x040d0000, 0x040d0000, 0x04150000)
 tenured generation   total 10944K, used 10235K [0x09150000, 0x09c00000, 0x13c00000)
   the space 10944K,  93% used [0x09150000, 0x09b4efa8, 0x09b4f000, 0x09c00000)
 Metaspace       used 5861K, capacity 6073K, committed 6144K, reserved 6528K
Event: 8.897 GC heap after
Heap after GC invocations=13 (full 0):
 def new generation   total 4928K, used 404K [0x03c00000, 0x04150000, 0x09150000)
  eden space 4416K,   0% used [0x03c00000, 0x03c00000, 0x04050000)
  from space 512K,  79% used [0x040d0000, 0x04135310, 0x04150000)
  to   space 512K,   0% used [0x04050000, 0x04050000, 0x040d0000)
 tenured generation   total 10944K, used 10235K [0x09150000, 0x09c00000, 0x13c00000)
   the space 10944K,  93% used [0x09150000, 0x09b4efa8, 0x09b4f000, 0x09c00000)
 Metaspace       used 5861K, capacity 6073K, committed 6144K, reserved 6528K
}
Event: 9.664 GC heap before
{Heap before GC invocations=13 (full 0):
 def new generation   total 4928K, used 2087K [0x03c00000, 0x04150000, 0x09150000)
  eden space 4416K,  38% used [0x03c00000, 0x03da4b60, 0x04050000)
  from space 512K,  79% used [0x040d0000, 0x04135310, 0x04150000)
  to   space 512K,   0% used [0x04050000, 0x04050000, 0x040d0000)
 tenured generation   total 10944K, used 10235K [0x09150000, 0x09c00000, 0x13c00000)
   the space 10944K,  93% used [0x09150000, 0x09b4efa8, 0x09b4f000, 0x09c00000)
 Metaspace       used 6094K, capacity 6299K, committed 6400K, reserved 6528K
Event: 9.668 GC heap after
Heap after GC invocations=14 (full 0):
 def new generation   total 4928K, used 511K [0x03c00000, 0x04150000, 0x09150000)
  eden space 4416K,   0% used [0x03c00000, 0x03c00000, 0x04050000)
  from space 512K,  99% used [0x04050000, 0x040cfcf8, 0x040d0000)
  to   space 512K,   0% used [0x040d0000, 0x040d0000, 0x04150000)
 tenured generation   total 10944K, used 10583K [0x09150000, 0x09c00000, 0x13c00000)
   the space 10944K,  96% used [0x09150000, 0x09ba5e50, 0x09ba6000, 0x09c00000)
 Metaspace       used 6094K, capacity 6299K, committed 6400K, reserved 6528K
}
Event: 12.544 GC heap before
{Heap before GC invocations=14 (full 0):
 def new generation   total 4928K, used 4927K [0x03c00000, 0x04150000, 0x09150000)
  eden space 4416K, 100% used [0x03c00000, 0x04050000, 0x04050000)
  from space 512K,  99% used [0x04050000, 0x040cfcf8, 0x040d0000)
  to   space 512K,   0% used [0x040d0000, 0x040d0000, 0x04150000)
 tenured generation   total 10944K, used 10583K [0x09150000, 0x09c00000, 0x13c00000)
   the space 10944K,  96% used [0x09150000, 0x09ba5e50, 0x09ba6000, 0x09c00000)
 Metaspace       used 6316K, capacity 6523K, committed 6528K, reserved 6528K
Event: 12.576 GC heap after
Heap after GC invocations=15 (full 1):
 def new generation   total 9664K, used 0K [0x03c00000, 0x04670000, 0x09150000)
  eden space 8640K,   0% used [0x03c00000, 0x03c00000, 0x04470000)
  from space 1024K,   0% used [0x04470000, 0x04470000, 0x04570000)
  to   space 1024K,   0% used [0x04570000, 0x04570000, 0x04670000)
 tenured generation   total 21228K, used 12735K [0x09150000, 0x0a60b000, 0x13c00000)
   the space 21228K,  59% used [0x09150000, 0x09dbfed0, 0x09dc0000, 0x0a60b000)
 Metaspace       used 6316K, capacity 6523K, committed 6528K, reserved 6528K
}
Event: 35.790 GC heap before
{Heap before GC invocations=15 (full 1):
 def new generation   total 9664K, used 8640K [0x03c00000, 0x04670000, 0x09150000)
  eden space 8640K, 100% used [0x03c00000, 0x04470000, 0x04470000)
  from space 1024K,   0% used [0x04470000, 0x04470000, 0x04570000)
  to   space 1024K,   0% used [0x04570000, 0x04570000, 0x04670000)
 tenured generation   total 21228K, used 12735K [0x09150000, 0x0a60b000, 0x13c00000)
   the space 21228K,  59% used [0x09150000, 0x09dbfed0, 0x09dc0000, 0x0a60b000)
 Metaspace       used 6704K, capacity 6935K, committed 7040K, reserved 7552K
Event: 35.795 GC heap after
Heap after GC invocations=16 (full 1):
 def new generation   total 9664K, used 580K [0x03c00000, 0x04670000, 0x09150000)
  eden space 8640K,   0% used [0x03c00000, 0x03c00000, 0x04470000)
  from space 1024K,  56% used [0x04570000, 0x046011d8, 0x04670000)
  to   space 1024K,   0% used [0x04470000, 0x04470000, 0x04570000)
 tenured generation   total 21228K, used 14003K [0x09150000, 0x0a60b000, 0x13c00000)
   the space 21228K,  65% used [0x09150000, 0x09efce18, 0x09efd000, 0x0a60b000)
 Metaspace       used 6704K, capacity 6935K, committed 7040K, reserved 7552K
}
Event: 63.196 GC heap before
{Heap before GC invocations=16 (full 1):
 def new generation   total 9664K, used 9220K [0x03c00000, 0x04670000, 0x09150000)
  eden space 8640K, 100% used [0x03c00000, 0x04470000, 0x04470000)
  from space 1024K,  56% used [0x04570000, 0x046011d8, 0x04670000)
  to   space 1024K,   0% used [0x04470000, 0x04470000, 0x04570000)
 tenured generation   total 21228K, used 14003K [0x09150000, 0x0a60b000, 0x13c00000)
   the space 21228K,  65% used [0x09150000, 0x09efce18, 0x09efd000, 0x0a60b000)
 Metaspace       used 6783K, capacity 6999K, committed 7040K, reserved 7552K
Event: 63.201 GC heap after
Heap after GC invocations=17 (full 1):
 def new generation   total 9664K, used 1024K [0x03c00000, 0x04670000, 0x09150000)
  eden space 8640K,   0% used [0x03c00000, 0x03c00000, 0x04470000)
  from space 1024K, 100% used [0x04470000, 0x04570000, 0x04570000)
  to   space 1024K,   0% used [0x04570000, 0x04570000, 0x04670000)
 tenured generation   total 21228K, used 14846K [0x09150000, 0x0a60b000, 0x13c00000)
   the space 21228K,  69% used [0x09150000, 0x09fcfa68, 0x09fcfc00, 0x0a60b000)
 Metaspace       used 6783K, capacity 6999K, committed 7040K, reserved 7552K
}

Deoptimization events (0 events):
No events

Internal exceptions (10 events):
Event: 7.464 Thread 0x006ec000 Exception <a 'java/lang/ClassNotFoundException': org/springframework/context/event/DefaultEventListenerFactoryCustomizer> (0x03d6e020) thrown at [C:\re\workspace\8-2-build-windows-i586-cygwin\jdk8u45\3457\hotspot\src\share\vm\classfile\systemDictionary.cpp°9è˝ë€@
Event: 7.464 Thread 0x006ec000 Exception <a 'java/lang/ArrayIndexOutOfBoundsException'> (0x03d70ce0) thrown at [C:\re\workspace\8-2-build-windows-i586-cygwin\jdk8u45\3457\hotspot\src\share\vm\runtime\sharedRuntime.cpp, line 605]
Event: 14.608 Thread 0x195e2400 Exception <a 'java/lang/NullPointerException'> (0x03fb2130) thrown at [C:\re\workspace\8-2-build-windows-i586-cygwin\jdk8u45\3457\hotspot\src\share\vm\interpreter\linkResolver.cpp, line 1178]
Event: 14.608 Thread 0x195e2400 Exception <a 'java/lang/NullPointerException'> (0x03fb2130) thrown at [C:\re\workspace\8-2-build-windows-i586-cygwin\jdk8u45\3457\hotspot\src\share\vm\prims\jvm.cpp, line 1386]
Event: 14.608 Thread 0x195e2400 Exception <a 'java/lang/NullPointerException'> (0x03fb2130) thrown at [C:\re\workspace\8-2-build-windows-i586-cygwin\jdk8u45\3457\hotspot\src\share\vm\prims\jvm.cpp, line 1386]
Event: 64.333 Thread 0x1b5db000 Exception <a 'java/lang/InterruptedException': sleep interrupted> (0x03cdd330) thrown at [C:\re\workspace\8-2-build-windows-i586-cygwin\jdk8u45\3457\hotspot\src\share\vm\prims\jvm.cpp, line 3211]
Event: 80.465 Thread 0x1b4a2800 Exception <a 'java/lang/UnsatisfiedLinkError'> (0x04033170) thrown at [C:\re\workspace\8-2-build-windows-i586-cygwin\jdk8u45\3457\hotspot\src\share\vm\oops\instanceKlass.cpp, line 938]
Event: 80.466 Thread 0x1b4a2c00 Exception <a 'java/lang/InterruptedException': sleep interrupted> (0x03fee090) thrown at [C:\re\workspace\8-2-build-windows-i586-cygwin\jdk8u45\3457\hotspot\src\share\vm\prims\jvm.cpp, line 3211]
Event: 90.349 Thread 0x1b4a2c00 Exception <a 'java/lang/NoClassDefFoundError': Could not initialize class com.yo.controller.OpenCVUtil> (0x0416c8b8) thrown at [C:\re\workspace\8-2-build-windows-i586-cygwin\jdk8u45\3457\hotspot\src\share\vm\oops\instanceKlass.cpp, line 870]
Event: 90.352 Thread 0x1b4a2800 Exception <a 'java/lang/InterruptedException': sleep interrupted> (0x04177f00) thrown at [C:\re\workspace\8-2-build-windows-i586-cygwin\jdk8u45\3457\hotspot\src\share\vm\prims\jvm.cpp, line 3163]

Events (10 events):
Event: 90.365 Thread 0x1b4a2800 Thread exited: 0x1b4a2800
Event: 95.353 Executing VM operation: RevokeBias
Event: 95.353 Executing VM operation: RevokeBias done
Event: 95.353 Thread 0x1b4a3400 Thread exited: 0x1b4a3400
Event: 97.278 Executing VM operation: BulkRevokeBias
Event: 97.278 Executing VM operation: BulkRevokeBias done
Event: 127.209 Executing VM operation: BulkRevokeBias
Event: 127.210 Executing VM operation: BulkRevokeBias done
Event: 214.890 loading class java/awt/Scrollbar
Event: 214.922 loading class java/awt/Scrollbar done


Dynamic libraries:
0x00c90000 - 0x00cc3000 	C:\Program Files\Java\jre1.8.0_45\bin\javaw.exe
0x771a0000 - 0x772e2000 	C:\Windows\SYSTEM32\ntdll.dll
0x760e0000 - 0x761b5000 	C:\Windows\system32\kernel32.dll
0x751c0000 - 0x7520b000 	C:\Windows\system32\KERNELBASE.dll
0x76dc0000 - 0x76e61000 	C:\Windows\system32\ADVAPI32.dll
0x767f0000 - 0x7689c000 	C:\Windows\system32\msvcrt.dll
0x767d0000 - 0x767e9000 	C:\Windows\SYSTEM32\sechost.dll
0x77020000 - 0x770c2000 	C:\Windows\system32\RPCRT4.dll
0x76f50000 - 0x77019000 	C:\Windows\system32\USER32.dll
0x76d20000 - 0x76d6e000 	C:\Windows\system32\GDI32.dll
0x77300000 - 0x7730a000 	C:\Windows\system32\LPK.dll
0x77350000 - 0x773ed000 	C:\Windows\system32\USP10.dll
0x73950000 - 0x73aee000 	C:\Windows\WinSxS\x86_microsoft.windows.common-controls_6595b64144ccf1df_6.0.7601.18837_none_41e855142bd5705d\COMCTL32.dll
0x76ef0000 - 0x76f47000 	C:\Windows\system32\SHLWAPI.dll
0x77310000 - 0x7732f000 	C:\Windows\system32\IMM32.DLL
0x770d0000 - 0x7719c000 	C:\Windows\system32\MSCTF.dll
0x5eaf0000 - 0x5ebaf000 	C:\Program Files\Java\jre1.8.0_45\bin\msvcr100.dll
0x65840000 - 0x65c00000 	C:\Program Files\Java\jre1.8.0_45\bin\client\jvm.dll
0x6bd20000 - 0x6bd27000 	C:\Windows\system32\WSOCK32.dll
0x764c0000 - 0x764f5000 	C:\Windows\system32\WS2_32.dll
0x77340000 - 0x77346000 	C:\Windows\system32\NSI.dll
0x735a0000 - 0x735d2000 	C:\Windows\system32\WINMM.dll
0x745e0000 - 0x745e9000 	C:\Windows\system32\VERSION.dll
0x77330000 - 0x77335000 	C:\Windows\system32\PSAPI.DLL
0x6ab00000 - 0x6ab0c000 	C:\Program Files\Java\jre1.8.0_45\bin\verify.dll
0x66050000 - 0x66071000 	C:\Program Files\Java\jre1.8.0_45\bin\java.dll
0x662b0000 - 0x662c3000 	C:\Program Files\Java\jre1.8.0_45\bin\zip.dll
0x75490000 - 0x760db000 	C:\Windows\system32\SHELL32.dll
0x76360000 - 0x764bd000 	C:\Windows\system32\ole32.dll
0x75170000 - 0x7517b000 	C:\Windows\system32\profapi.dll
0x65db0000 - 0x65ef5000 	C:\Program Files\Java\jre1.8.0_45\bin\awt.dll
0x769f0000 - 0x76a7f000 	C:\Windows\system32\OLEAUT32.dll
0x73900000 - 0x73940000 	C:\Windows\system32\uxtheme.dll
0x75000000 - 0x7504c000 	C:\Windows\system32\apphelp.dll
0x15610000 - 0x1594b000 	C:\Windows\system32\SOGOUPY.IME
0x72d20000 - 0x72d25000 	C:\Windows\system32\MSIMG32.dll
0x73470000 - 0x73483000 	C:\Windows\system32\dwmapi.dll
0x75050000 - 0x7505c000 	C:\Windows\system32\CRYPTBASE.dll
0x6b440000 - 0x6b4cc000 	C:\Program Files\SogouInput\Components\PicFace\1.0.0.792\PicFace.dll
0x73f00000 - 0x73f21000 	C:\Windows\system32\ntmarta.dll
0x76d70000 - 0x76db5000 	C:\Windows\system32\WLDAP32.dll
0x6b410000 - 0x6b434000 	C:\Program Files\SogouInput\Components\SgAppender\1.0.0.205\SgAppender_Dll.dll
0x74b70000 - 0x74b87000 	C:\Windows\system32\CRYPTSP.dll
0x74900000 - 0x7493b000 	C:\Windows\system32\rsaenh.dll
0x75210000 - 0x75227000 	C:\Windows\system32\USERENV.dll
0x66290000 - 0x662a5000 	C:\Program Files\Java\jre1.8.0_45\bin\net.dll
0x74b30000 - 0x74b6c000 	C:\Windows\system32\mswsock.dll
0x74b20000 - 0x74b26000 	C:\Windows\System32\wship6.dll
0x74180000 - 0x7419c000 	C:\Windows\system32\IPHLPAPI.DLL
0x74140000 - 0x74147000 	C:\Windows\system32\WINNSI.DLL
0x73450000 - 0x73462000 	C:\Windows\system32\dhcpcsvc.DLL
0x73440000 - 0x7344d000 	C:\Windows\system32\dhcpcsvc6.DLL
0x6ab10000 - 0x6ab1f000 	C:\Program Files\Java\jre1.8.0_45\bin\nio.dll
0x69f10000 - 0x69f49000 	C:\Program Files\Java\jre1.8.0_45\bin\fontmanager.dll
0x69590000 - 0x6961e000 	C:\Program Files\Java\jre1.8.0_45\bin\mlib_image.dll
0x69560000 - 0x69590000 	C:\Program Files\Java\jre1.8.0_45\bin\t2k.dll
0x5ff10000 - 0x600d3000 	C:\Windows\system32\d3d9.dll
0x653f0000 - 0x653f6000 	C:\Windows\system32\d3d8thk.dll
0x5d330000 - 0x5df0e000 	C:\Windows\system32\nvd3dum.dll
0x74420000 - 0x74445000 	C:\Windows\system32\powrprof.dll
0x761c0000 - 0x7635d000 	C:\Windows\system32\SETUPAPI.dll
0x75410000 - 0x75437000 	C:\Windows\system32\CFGMGR32.dll
0x75450000 - 0x75462000 	C:\Windows\system32\DEVOBJ.dll
0x76530000 - 0x765b3000 	C:\Windows\system32\CLBCatQ.DLL
0x73120000 - 0x73251000 	C:\Windows\system32\WindowsCodecs.dll
0x6b2c0000 - 0x6b2f1000 	C:\Windows\system32\EhStorShell.dll
0x741c0000 - 0x742b5000 	C:\Windows\system32\PROPSYS.dll
0x6b250000 - 0x6b2ba000 	C:\Windows\System32\cscui.dll
0x6b240000 - 0x6b249000 	C:\Windows\System32\CSCDLL.dll
0x6d6b0000 - 0x6d6bb000 	C:\Windows\system32\CSCAPI.dll
0x6b1d0000 - 0x6b240000 	C:\Windows\system32\ntshrui.dll
0x74d60000 - 0x74d79000 	C:\Windows\system32\srvcli.dll
0x73c00000 - 0x73c0a000 	C:\Windows\system32\slc.dll
0x69530000 - 0x69554000 	C:\Program Files\Java\jre1.8.0_45\bin\dcpr.dll
0x1e580000 - 0x1e922000 	C:\Program Files\SogouInput\6.8.0.1248\Resource.dll
0x6d900000 - 0x6d984000 	C:\Windows\WinSxS\x86_microsoft.windows.common-controls_6595b64144ccf1df_5.82.7601.18837_none_ec86b8d6858ec0bc\comctl32.dll
0x6abe0000 - 0x6ad78000 	C:\Windows\system32\NetworkExplorer.dll
0x6b0c0000 - 0x6b0ef000 	C:\Windows\System32\shdocvw.dll
0x6c440000 - 0x6c452000 	C:\Windows\system32\MPR.dll
0x66870000 - 0x66878000 	C:\Windows\System32\drprov.dll
0x750c0000 - 0x750e9000 	C:\Windows\System32\WINSTA.dll
0x66850000 - 0x66864000 	C:\Windows\System32\ntlanman.dll
0x66830000 - 0x66847000 	C:\Windows\System32\davclnt.dll
0x66820000 - 0x66828000 	C:\Windows\System32\DAVHLPR.dll
0x72f80000 - 0x72f8f000 	C:\Windows\system32\wkscli.dll
0x748f0000 - 0x748f9000 	C:\Windows\system32\netutils.dll
0x5e8b0000 - 0x5eae8000 	C:\Windows\system32\wpdshext.dll
0x73770000 - 0x73900000 	C:\Windows\WinSxS\x86_microsoft.windows.gdiplus_6595b64144ccf1df_1.1.7601.19061_none_72d6d48d86649709\gdiplus.dll
0x6a960000 - 0x6a9e9000 	C:\Windows\system32\PortableDeviceApi.dll
0x75180000 - 0x751af000 	C:\Windows\system32\WINTRUST.dll
0x752d0000 - 0x753f1000 	C:\Windows\system32\CRYPT32.dll
0x75160000 - 0x7516c000 	C:\Windows\system32\MSASN1.dll
0x694f0000 - 0x6952f000 	C:\Windows\system32\audiodev.dll
0x5e640000 - 0x5e8a7000 	C:\Windows\system32\WMVCore.DLL
0x65fd0000 - 0x6600d000 	C:\Windows\system32\WMASF.DLL
0x61560000 - 0x61582000 	C:\Windows\system32\EhStorAPI.dll
0x6b0b0000 - 0x6b0b9000 	C:\Windows\system32\LINKINFO.dll
0x74e90000 - 0x74e98000 	C:\Windows\system32\Secur32.dll
0x74fe0000 - 0x74ffb000 	C:\Windows\system32\SSPICLI.DLL
0x6cd50000 - 0x6ce3b000 	C:\Windows\system32\dbghelp.dll

VM Arguments:
jvm_args: -Djava.library.path=D:\PictureStudio\opencv\build\java\x86 -Dfile.encoding=UTF-8 
java_command: com.yo.main.Main
java_class_path (initial): D:\workspace\PictureStudiou\build\classes;D:\workspace\PictureStudiou\lib\commons-logging-1.1.1.jar;D:\workspace\PictureStudiou\lib\spring-beans-4.2.4.RELEASE.jar;D:\workspace\PictureStudiou\lib\spring-core-4.2.4.RELEASE.jar;D:\workspace\PictureStudiou\lib\spring-aop-4.2.4.RELEASE.jar;D:\workspace\PictureStudiou\lib\spring-aspects-4.2.4.RELEASE.jar;D:\workspace\PictureStudiou\lib\spring-context-4.2.4.RELEASE.jar;D:\workspace\PictureStudiou\lib\spring-context-support-4.2.4.RELEASE.jar;D:\workspace\PictureStudiou\lib\spring-expression-4.2.4.RELEASE.jar;D:\workspace\PictureStudiou\lib\spring-instrument-4.2.4.RELEASE.jar;D:\workspace\PictureStudiou\lib\spring-test-4.2.4.RELEASE.jar;D:\workspace\PictureStudiou\lib\beautyeye_lnf.jar;D:\workspace\PictureStudiou\lib\opencv-300.jar
Launcher Type: SUN_STANDARD

Environment Variables:
PATH=C:/Program Files/Java/jre1.8.0_45/bin/client;C:/Program Files/Java/jre1.8.0_45/bin;C:/Program Files/Java/jre1.8.0_45/lib/i386;D:\program\npp.6.8.bin\;C:\Program Files\MySQL\MySQL Server 5.5\bin;C:\ProgramData\Oracle\Java\javapath;C:\Windows\system32;C:\Windows;C:\Windows\System32\Wbem;C:\Windows\System32\WindowsPowerShell\v1.0\;C:\Program Files\Microsoft SQL Server\90\Tools\binn\;D:\Eclipse32\eclipse;
USERNAME=Trulon_Chu
OS=Windows_NT
PROCESSOR_IDENTIFIER=x86 Family 6 Model 42 Stepping 7, GenuineIntel



---------------  S Y S T E M  ---------------

OS: Windows 7 Build 7601 (6.1.7601.23392)

CPU:total 4 (2 cores per cpu, 2 threads per core) family 6 model 42 stepping 7, cmov, cx8, fxsr, mmx, sse, sse2, sse3, ssse3, sse4.1, sse4.2, popcnt, avx, clmul, ht, tsc, tscinvbit

Memory: 4k page, physical 3131220k(1433260k free), swap 6260724k(4253868k free)

vm_info: Java HotSpot(TM) Client VM (25.45-b02) for windows-x86 JRE (1.8.0_45-b14), built on Apr 10 2015 10:46:40 by "java_re" with MS VC++ 10.0 (VS2010)

time: Thu Apr 13 15:57:20 2017
elapsed time: 234 seconds (0d 0h 3m 54s)

